<?xml version="1.0" encoding="UTF-8"?>
<testsuite xmlns:xsi="http://www.w3.org/2001/XMLSchema-instance" xsi:noNamespaceSchemaLocation="https://maven.apache.org/surefire/maven-surefire-plugin/xsd/surefire-test-report.xsd" name="com.eco.uitests.RunnerTest" time="170.194" tests="1" errors="0" skipped="0" failures="0">
  <properties>
    <property name="sun.desktop" value="windows"/>
    <property name="awt.toolkit" value="sun.awt.windows.WToolkit"/>
    <property name="java.specification.version" value="11"/>
    <property name="sun.cpu.isalist" value="amd64"/>
    <property name="sun.jnu.encoding" value="Cp1252"/>
    <property name="java.class.path" value="E:\Automation\Uptogether\target\test-classes;E:\Automation\Uptogether\target\classes;C:\Users\hp\.m2\repository\org\hamcrest\hamcrest-all\1.3\hamcrest-all-1.3.jar;C:\Users\hp\.m2\repository\net\sourceforge\tess4j\tess4j\5.4.0\tess4j-5.4.0.jar;C:\Users\hp\.m2\repository\net\java\dev\jna\jna\5.12.1\jna-5.12.1.jar;C:\Users\hp\.m2\repository\com\github\jai-imageio\jai-imageio-core\1.4.0\jai-imageio-core-1.4.0.jar;C:\Users\hp\.m2\repository\org\apache\pdfbox\pdfbox\2.0.26\pdfbox-2.0.26.jar;C:\Users\hp\.m2\repository\org\apache\pdfbox\fontbox\2.0.26\fontbox-2.0.26.jar;C:\Users\hp\.m2\repository\org\apache\pdfbox\pdfbox-tools\2.0.26\pdfbox-tools-2.0.26.jar;C:\Users\hp\.m2\repository\org\apache\pdfbox\pdfbox-debugger\2.0.26\pdfbox-debugger-2.0.26.jar;C:\Users\hp\.m2\repository\org\apache\pdfbox\jbig2-imageio\3.0.4\jbig2-imageio-3.0.4.jar;C:\Users\hp\.m2\repository\net\sourceforge\lept4j\lept4j\1.16.2\lept4j-1.16.2.jar;C:\Users\hp\.m2\repository\org\jboss\jboss-vfs\3.2.17.Final\jboss-vfs-3.2.17.Final.jar;C:\Users\hp\.m2\repository\org\jboss\logging\jboss-logging\3.1.4.GA\jboss-logging-3.1.4.GA.jar;C:\Users\hp\.m2\repository\org\seleniumhq\selenium\selenium-java\3.14.0\selenium-java-3.14.0.jar;C:\Users\hp\.m2\repository\org\seleniumhq\selenium\selenium-api\3.14.0\selenium-api-3.14.0.jar;C:\Users\hp\.m2\repository\org\seleniumhq\selenium\selenium-chrome-driver\3.14.0\selenium-chrome-driver-3.14.0.jar;C:\Users\hp\.m2\repository\org\seleniumhq\selenium\selenium-edge-driver\3.14.0\selenium-edge-driver-3.14.0.jar;C:\Users\hp\.m2\repository\org\seleniumhq\selenium\selenium-ie-driver\3.14.0\selenium-ie-driver-3.14.0.jar;C:\Users\hp\.m2\repository\org\seleniumhq\selenium\selenium-opera-driver\3.14.0\selenium-opera-driver-3.14.0.jar;C:\Users\hp\.m2\repository\org\seleniumhq\selenium\selenium-remote-driver\3.14.0\selenium-remote-driver-3.14.0.jar;C:\Users\hp\.m2\repository\org\seleniumhq\selenium\selenium-safari-driver\3.14.0\selenium-safari-driver-3.14.0.jar;C:\Users\hp\.m2\repository\org\seleniumhq\selenium\selenium-support\3.14.0\selenium-support-3.14.0.jar;C:\Users\hp\.m2\repository\net\bytebuddy\byte-buddy\1.8.15\byte-buddy-1.8.15.jar;C:\Users\hp\.m2\repository\org\apache\commons\commons-exec\1.3\commons-exec-1.3.jar;C:\Users\hp\.m2\repository\commons-codec\commons-codec\1.10\commons-codec-1.10.jar;C:\Users\hp\.m2\repository\commons-logging\commons-logging\1.2\commons-logging-1.2.jar;C:\Users\hp\.m2\repository\com\google\guava\guava\25.0-jre\guava-25.0-jre.jar;C:\Users\hp\.m2\repository\com\google\code\findbugs\jsr305\1.3.9\jsr305-1.3.9.jar;C:\Users\hp\.m2\repository\org\checkerframework\checker-compat-qual\2.0.0\checker-compat-qual-2.0.0.jar;C:\Users\hp\.m2\repository\com\google\errorprone\error_prone_annotations\2.1.3\error_prone_annotations-2.1.3.jar;C:\Users\hp\.m2\repository\com\google\j2objc\j2objc-annotations\1.1\j2objc-annotations-1.1.jar;C:\Users\hp\.m2\repository\org\codehaus\mojo\animal-sniffer-annotations\1.14\animal-sniffer-annotations-1.14.jar;C:\Users\hp\.m2\repository\org\apache\httpcomponents\httpclient\4.5.5\httpclient-4.5.5.jar;C:\Users\hp\.m2\repository\org\apache\httpcomponents\httpcore\4.4.9\httpcore-4.4.9.jar;C:\Users\hp\.m2\repository\com\squareup\okhttp3\okhttp\3.10.0\okhttp-3.10.0.jar;C:\Users\hp\.m2\repository\com\squareup\okio\okio\1.14.1\okio-1.14.1.jar;C:\Users\hp\.m2\repository\org\seleniumhq\selenium\selenium-firefox-driver\3.14.0\selenium-firefox-driver-3.14.0.jar;C:\Users\hp\.m2\repository\io\cucumber\cucumber-java\4.8.0\cucumber-java-4.8.0.jar;C:\Users\hp\.m2\repository\org\apiguardian\apiguardian-api\1.1.0\apiguardian-api-1.1.0.jar;C:\Users\hp\.m2\repository\io\cucumber\cucumber-picocontainer\4.8.0\cucumber-picocontainer-4.8.0.jar;C:\Users\hp\.m2\repository\org\picocontainer\picocontainer\2.15\picocontainer-2.15.jar;C:\Users\hp\.m2\repository\com\google\zxing\core\3.3.3\core-3.3.3.jar;C:\Users\hp\.m2\repository\com\google\zxing\javase\3.3.3\javase-3.3.3.jar;C:\Users\hp\.m2\repository\com\beust\jcommander\1.72\jcommander-1.72.jar;C:\Users\hp\.m2\repository\org\testng\testng\7.1.0\testng-7.1.0.jar;C:\Users\hp\.m2\repository\com\google\inject\guice\4.1.0\guice-4.1.0-no_aop.jar;C:\Users\hp\.m2\repository\javax\inject\javax.inject\1\javax.inject-1.jar;C:\Users\hp\.m2\repository\aopalliance\aopalliance\1.0\aopalliance-1.0.jar;C:\Users\hp\.m2\repository\org\yaml\snakeyaml\1.21\snakeyaml-1.21.jar;C:\Users\hp\.m2\repository\io\cucumber\cucumber-testng\4.7.4\cucumber-testng-4.7.4.jar;C:\Users\hp\.m2\repository\io\cucumber\cucumber-java8\4.7.4\cucumber-java8-4.7.4.jar;C:\Users\hp\.m2\repository\net\jodah\typetools\0.5.0\typetools-0.5.0.jar;C:\Users\hp\.m2\repository\log4j\log4j\1.2.17\log4j-1.2.17.jar;C:\Users\hp\.m2\repository\org\slf4j\slf4j-api\1.7.25\slf4j-api-1.7.25.jar;C:\Users\hp\.m2\repository\io\cucumber\cucumber-core\4.8.0\cucumber-core-4.8.0.jar;C:\Users\hp\.m2\repository\io\cucumber\gherkin\5.1.0\gherkin-5.1.0.jar;C:\Users\hp\.m2\repository\io\cucumber\tag-expressions\1.1.1\tag-expressions-1.1.1.jar;C:\Users\hp\.m2\repository\io\cucumber\cucumber-expressions\7.0.2\cucumber-expressions-7.0.2.jar;C:\Users\hp\.m2\repository\io\cucumber\datatable\1.1.14\datatable-1.1.14.jar;C:\Users\hp\.m2\repository\io\cucumber\datatable-dependencies\1.1.14\datatable-dependencies-1.1.14.jar;C:\Users\hp\.m2\repository\commons-io\commons-io\2.5\commons-io-2.5.jar;C:\Users\hp\.m2\repository\org\jsoup\jsoup\1.11.3\jsoup-1.11.3.jar;C:\Users\hp\.m2\repository\org\projectlombok\lombok\1.18.20\lombok-1.18.20.jar;C:\Users\hp\.m2\repository\io\github\bonigarcia\webdrivermanager\3.7.1\webdrivermanager-3.7.1.jar;C:\Users\hp\.m2\repository\com\google\code\gson\gson\2.8.5\gson-2.8.5.jar;C:\Users\hp\.m2\repository\org\apache\commons\commons-lang3\3.8.1\commons-lang3-3.8.1.jar;C:\Users\hp\.m2\repository\org\rauschig\jarchivelib\1.0.0\jarchivelib-1.0.0.jar;C:\Users\hp\.m2\repository\org\apache\commons\commons-compress\1.18\commons-compress-1.18.jar;C:\Users\hp\.m2\repository\org\apache\poi\poi\3.11\poi-3.11.jar;C:\Users\hp\.m2\repository\org\apache\poi\poi-ooxml\3.11\poi-ooxml-3.11.jar;C:\Users\hp\.m2\repository\org\apache\poi\poi-ooxml-schemas\3.11\poi-ooxml-schemas-3.11.jar;C:\Users\hp\.m2\repository\org\apache\xmlbeans\xmlbeans\2.6.0\xmlbeans-2.6.0.jar;C:\Users\hp\.m2\repository\stax\stax-api\1.0.1\stax-api-1.0.1.jar;C:\Users\hp\.m2\repository\com\github\temyers\cucumber-jvm-parallel-plugin\5.0.0\cucumber-jvm-parallel-plugin-5.0.0.jar;C:\Users\hp\.m2\repository\org\apache\velocity\velocity\1.7\velocity-1.7.jar;C:\Users\hp\.m2\repository\commons-collections\commons-collections\3.2.1\commons-collections-3.2.1.jar;C:\Users\hp\.m2\repository\commons-lang\commons-lang\2.4\commons-lang-2.4.jar;C:\Users\hp\.m2\repository\io\rest-assured\rest-assured\4.3.0\rest-assured-4.3.0.jar;C:\Users\hp\.m2\repository\org\codehaus\groovy\groovy\3.0.2\groovy-3.0.2.jar;C:\Users\hp\.m2\repository\org\codehaus\groovy\groovy-xml\3.0.2\groovy-xml-3.0.2.jar;C:\Users\hp\.m2\repository\org\apache\httpcomponents\httpmime\4.5.3\httpmime-4.5.3.jar;C:\Users\hp\.m2\repository\org\hamcrest\hamcrest\2.1\hamcrest-2.1.jar;C:\Users\hp\.m2\repository\org\ccil\cowan\tagsoup\tagsoup\1.2.1\tagsoup-1.2.1.jar;C:\Users\hp\.m2\repository\io\rest-assured\json-path\4.3.0\json-path-4.3.0.jar;C:\Users\hp\.m2\repository\org\codehaus\groovy\groovy-json\3.0.2\groovy-json-3.0.2.jar;C:\Users\hp\.m2\repository\io\rest-assured\rest-assured-common\4.3.0\rest-assured-common-4.3.0.jar;C:\Users\hp\.m2\repository\io\rest-assured\xml-path\4.3.0\xml-path-4.3.0.jar;C:\Users\hp\.m2\repository\jakarta\xml\bind\jakarta.xml.bind-api\2.3.2\jakarta.xml.bind-api-2.3.2.jar;C:\Users\hp\.m2\repository\jakarta\activation\jakarta.activation-api\1.2.1\jakarta.activation-api-1.2.1.jar;C:\Users\hp\.m2\repository\com\sun\xml\bind\jaxb-osgi\2.3.0.1\jaxb-osgi-2.3.0.1.jar;C:\Users\hp\.m2\repository\org\apache\sling\org.apache.sling.javax.activation\0.1.0\org.apache.sling.javax.activation-0.1.0.jar;C:\Users\hp\.m2\repository\javax\activation\activation\1.1.1\activation-1.1.1.jar;C:\Users\hp\.m2\repository\com\vimalselvam\cucumber-extentsreport\3.1.1\cucumber-extentsreport-3.1.1.jar;C:\Users\hp\.m2\repository\com\aventstack\extentreports\4.1.3\extentreports-4.1.3.jar;C:\Users\hp\.m2\repository\org\freemarker\freemarker\2.3.29\freemarker-2.3.29.jar;C:\Users\hp\.m2\repository\org\mongodb\mongodb-driver\3.12.0\mongodb-driver-3.12.0.jar;C:\Users\hp\.m2\repository\org\mongodb\mongodb-driver-core\3.12.0\mongodb-driver-core-3.12.0.jar;C:\Users\hp\.m2\repository\org\mongodb\bson\3.12.0\bson-3.12.0.jar;C:\Users\hp\.m2\repository\com\aventstack\extentreports-cucumber4-adapter\1.0.10\extentreports-cucumber4-adapter-1.0.10.jar;C:\Users\hp\.m2\repository\com\fasterxml\jackson\core\jackson-core\2.11.0.rc1\jackson-core-2.11.0.rc1.jar;C:\Users\hp\.m2\repository\org\apache\commons\commons-collections4\4.4\commons-collections4-4.4.jar;C:\Users\hp\.m2\repository\de\openkeyword\autoit\0.0.15\autoit-0.0.15.jar;C:\Users\hp\.m2\repository\net\sf\jacob-project\jacob\1.14.3\jacob-1.14.3.jar;C:\Users\hp\.m2\repository\org\antlr\antlr4-runtime\4.5.2\antlr4-runtime-4.5.2.jar;C:\Users\hp\.m2\repository\org\antlr\ST4\4.0.8\ST4-4.0.8.jar;C:\Users\hp\.m2\repository\org\antlr\antlr-runtime\3.5.2\antlr-runtime-3.5.2.jar;C:\Users\hp\.m2\repository\org\seleniumhq\selenium\selenium-htmlunit-driver\2.52.0\selenium-htmlunit-driver-2.52.0.jar;C:\Users\hp\.m2\repository\net\sourceforge\htmlunit\htmlunit\2.18\htmlunit-2.18.jar;C:\Users\hp\.m2\repository\xalan\xalan\2.7.2\xalan-2.7.2.jar;C:\Users\hp\.m2\repository\xalan\serializer\2.7.2\serializer-2.7.2.jar;C:\Users\hp\.m2\repository\net\sourceforge\htmlunit\htmlunit-core-js\2.17\htmlunit-core-js-2.17.jar;C:\Users\hp\.m2\repository\xerces\xercesImpl\2.11.0\xercesImpl-2.11.0.jar;C:\Users\hp\.m2\repository\xml-apis\xml-apis\1.4.01\xml-apis-1.4.01.jar;C:\Users\hp\.m2\repository\net\sourceforge\nekohtml\nekohtml\1.9.22\nekohtml-1.9.22.jar;C:\Users\hp\.m2\repository\net\sourceforge\cssparser\cssparser\0.9.16\cssparser-0.9.16.jar;C:\Users\hp\.m2\repository\org\w3c\css\sac\1.3\sac-1.3.jar;C:\Users\hp\.m2\repository\org\eclipse\jetty\websocket\websocket-client\9.2.12.v20150709\websocket-client-9.2.12.v20150709.jar;C:\Users\hp\.m2\repository\org\eclipse\jetty\jetty-util\9.2.12.v20150709\jetty-util-9.2.12.v20150709.jar;C:\Users\hp\.m2\repository\org\eclipse\jetty\jetty-io\9.2.12.v20150709\jetty-io-9.2.12.v20150709.jar;C:\Users\hp\.m2\repository\org\eclipse\jetty\websocket\websocket-common\9.2.12.v20150709\websocket-common-9.2.12.v20150709.jar;C:\Users\hp\.m2\repository\org\eclipse\jetty\websocket\websocket-api\9.2.12.v20150709\websocket-api-9.2.12.v20150709.jar;C:\Users\hp\.m2\repository\com\sun\xml\bind\jaxb-core\2.2.11\jaxb-core-2.2.11.jar;C:\Users\hp\.m2\repository\javax\xml\bind\jaxb-api\2.2.11\jaxb-api-2.2.11.jar;C:\Users\hp\.m2\repository\com\sun\xml\bind\jaxb-impl\2.2.11\jaxb-impl-2.2.11.jar;C:\Users\hp\.m2\repository\com\sun\xml\bind\jaxb-jxc\2.2.11\jaxb-jxc-2.2.11.jar;C:\Users\hp\.m2\repository\com\sun\xml\bind\jaxb-xjc\2.2.11\jaxb-xjc-2.2.11.jar;C:\Users\hp\.m2\repository\org\apache\maven\surefire\surefire-testng-utils\2.22.0\surefire-testng-utils-2.22.0.jar;C:\Users\hp\.m2\repository\org\apache\maven\surefire\surefire-grouper\2.22.0\surefire-grouper-2.22.0.jar;"/>
    <property name="java.vm.vendor" value="Oracle Corporation"/>
    <property name="sun.arch.data.model" value="64"/>
    <property name="user.variant" value=""/>
    <property name="java.vendor.url" value="https://openjdk.java.net/"/>
    <property name="user.timezone" value="Asia/Calcutta"/>
    <property name="java.vm.specification.version" value="11"/>
    <property name="os.name" value="Windows 10"/>
    <property name="sun.java.launcher" value="SUN_STANDARD"/>
    <property name="user.country" value="IN"/>
    <property name="sun.boot.library.path" value="C:\Program Files\Java\jdk-11.0.10\bin"/>
    <property name="sun.java.command" value="C:\Users\hp\AppData\Local\Temp\surefire16445888115571272766\surefirebooter8088275421618910862.jar C:\Users\hp\AppData\Local\Temp\surefire16445888115571272766 2023-03-26T22-01-57_212-jvmRun1 surefire7444553103555431814tmp surefire_02488514339419724852tmp"/>
    <property name="jdk.debug" value="release"/>
    <property name="surefire.test.class.path" value="E:\Automation\Uptogether\target\test-classes;E:\Automation\Uptogether\target\classes;C:\Users\hp\.m2\repository\org\hamcrest\hamcrest-all\1.3\hamcrest-all-1.3.jar;C:\Users\hp\.m2\repository\net\sourceforge\tess4j\tess4j\5.4.0\tess4j-5.4.0.jar;C:\Users\hp\.m2\repository\net\java\dev\jna\jna\5.12.1\jna-5.12.1.jar;C:\Users\hp\.m2\repository\com\github\jai-imageio\jai-imageio-core\1.4.0\jai-imageio-core-1.4.0.jar;C:\Users\hp\.m2\repository\org\apache\pdfbox\pdfbox\2.0.26\pdfbox-2.0.26.jar;C:\Users\hp\.m2\repository\org\apache\pdfbox\fontbox\2.0.26\fontbox-2.0.26.jar;C:\Users\hp\.m2\repository\org\apache\pdfbox\pdfbox-tools\2.0.26\pdfbox-tools-2.0.26.jar;C:\Users\hp\.m2\repository\org\apache\pdfbox\pdfbox-debugger\2.0.26\pdfbox-debugger-2.0.26.jar;C:\Users\hp\.m2\repository\org\apache\pdfbox\jbig2-imageio\3.0.4\jbig2-imageio-3.0.4.jar;C:\Users\hp\.m2\repository\net\sourceforge\lept4j\lept4j\1.16.2\lept4j-1.16.2.jar;C:\Users\hp\.m2\repository\org\jboss\jboss-vfs\3.2.17.Final\jboss-vfs-3.2.17.Final.jar;C:\Users\hp\.m2\repository\org\jboss\logging\jboss-logging\3.1.4.GA\jboss-logging-3.1.4.GA.jar;C:\Users\hp\.m2\repository\org\seleniumhq\selenium\selenium-java\3.14.0\selenium-java-3.14.0.jar;C:\Users\hp\.m2\repository\org\seleniumhq\selenium\selenium-api\3.14.0\selenium-api-3.14.0.jar;C:\Users\hp\.m2\repository\org\seleniumhq\selenium\selenium-chrome-driver\3.14.0\selenium-chrome-driver-3.14.0.jar;C:\Users\hp\.m2\repository\org\seleniumhq\selenium\selenium-edge-driver\3.14.0\selenium-edge-driver-3.14.0.jar;C:\Users\hp\.m2\repository\org\seleniumhq\selenium\selenium-ie-driver\3.14.0\selenium-ie-driver-3.14.0.jar;C:\Users\hp\.m2\repository\org\seleniumhq\selenium\selenium-opera-driver\3.14.0\selenium-opera-driver-3.14.0.jar;C:\Users\hp\.m2\repository\org\seleniumhq\selenium\selenium-remote-driver\3.14.0\selenium-remote-driver-3.14.0.jar;C:\Users\hp\.m2\repository\org\seleniumhq\selenium\selenium-safari-driver\3.14.0\selenium-safari-driver-3.14.0.jar;C:\Users\hp\.m2\repository\org\seleniumhq\selenium\selenium-support\3.14.0\selenium-support-3.14.0.jar;C:\Users\hp\.m2\repository\net\bytebuddy\byte-buddy\1.8.15\byte-buddy-1.8.15.jar;C:\Users\hp\.m2\repository\org\apache\commons\commons-exec\1.3\commons-exec-1.3.jar;C:\Users\hp\.m2\repository\commons-codec\commons-codec\1.10\commons-codec-1.10.jar;C:\Users\hp\.m2\repository\commons-logging\commons-logging\1.2\commons-logging-1.2.jar;C:\Users\hp\.m2\repository\com\google\guava\guava\25.0-jre\guava-25.0-jre.jar;C:\Users\hp\.m2\repository\com\google\code\findbugs\jsr305\1.3.9\jsr305-1.3.9.jar;C:\Users\hp\.m2\repository\org\checkerframework\checker-compat-qual\2.0.0\checker-compat-qual-2.0.0.jar;C:\Users\hp\.m2\repository\com\google\errorprone\error_prone_annotations\2.1.3\error_prone_annotations-2.1.3.jar;C:\Users\hp\.m2\repository\com\google\j2objc\j2objc-annotations\1.1\j2objc-annotations-1.1.jar;C:\Users\hp\.m2\repository\org\codehaus\mojo\animal-sniffer-annotations\1.14\animal-sniffer-annotations-1.14.jar;C:\Users\hp\.m2\repository\org\apache\httpcomponents\httpclient\4.5.5\httpclient-4.5.5.jar;C:\Users\hp\.m2\repository\org\apache\httpcomponents\httpcore\4.4.9\httpcore-4.4.9.jar;C:\Users\hp\.m2\repository\com\squareup\okhttp3\okhttp\3.10.0\okhttp-3.10.0.jar;C:\Users\hp\.m2\repository\com\squareup\okio\okio\1.14.1\okio-1.14.1.jar;C:\Users\hp\.m2\repository\org\seleniumhq\selenium\selenium-firefox-driver\3.14.0\selenium-firefox-driver-3.14.0.jar;C:\Users\hp\.m2\repository\io\cucumber\cucumber-java\4.8.0\cucumber-java-4.8.0.jar;C:\Users\hp\.m2\repository\org\apiguardian\apiguardian-api\1.1.0\apiguardian-api-1.1.0.jar;C:\Users\hp\.m2\repository\io\cucumber\cucumber-picocontainer\4.8.0\cucumber-picocontainer-4.8.0.jar;C:\Users\hp\.m2\repository\org\picocontainer\picocontainer\2.15\picocontainer-2.15.jar;C:\Users\hp\.m2\repository\com\google\zxing\core\3.3.3\core-3.3.3.jar;C:\Users\hp\.m2\repository\com\google\zxing\javase\3.3.3\javase-3.3.3.jar;C:\Users\hp\.m2\repository\com\beust\jcommander\1.72\jcommander-1.72.jar;C:\Users\hp\.m2\repository\org\testng\testng\7.1.0\testng-7.1.0.jar;C:\Users\hp\.m2\repository\com\google\inject\guice\4.1.0\guice-4.1.0-no_aop.jar;C:\Users\hp\.m2\repository\javax\inject\javax.inject\1\javax.inject-1.jar;C:\Users\hp\.m2\repository\aopalliance\aopalliance\1.0\aopalliance-1.0.jar;C:\Users\hp\.m2\repository\org\yaml\snakeyaml\1.21\snakeyaml-1.21.jar;C:\Users\hp\.m2\repository\io\cucumber\cucumber-testng\4.7.4\cucumber-testng-4.7.4.jar;C:\Users\hp\.m2\repository\io\cucumber\cucumber-java8\4.7.4\cucumber-java8-4.7.4.jar;C:\Users\hp\.m2\repository\net\jodah\typetools\0.5.0\typetools-0.5.0.jar;C:\Users\hp\.m2\repository\log4j\log4j\1.2.17\log4j-1.2.17.jar;C:\Users\hp\.m2\repository\org\slf4j\slf4j-api\1.7.25\slf4j-api-1.7.25.jar;C:\Users\hp\.m2\repository\io\cucumber\cucumber-core\4.8.0\cucumber-core-4.8.0.jar;C:\Users\hp\.m2\repository\io\cucumber\gherkin\5.1.0\gherkin-5.1.0.jar;C:\Users\hp\.m2\repository\io\cucumber\tag-expressions\1.1.1\tag-expressions-1.1.1.jar;C:\Users\hp\.m2\repository\io\cucumber\cucumber-expressions\7.0.2\cucumber-expressions-7.0.2.jar;C:\Users\hp\.m2\repository\io\cucumber\datatable\1.1.14\datatable-1.1.14.jar;C:\Users\hp\.m2\repository\io\cucumber\datatable-dependencies\1.1.14\datatable-dependencies-1.1.14.jar;C:\Users\hp\.m2\repository\commons-io\commons-io\2.5\commons-io-2.5.jar;C:\Users\hp\.m2\repository\org\jsoup\jsoup\1.11.3\jsoup-1.11.3.jar;C:\Users\hp\.m2\repository\org\projectlombok\lombok\1.18.20\lombok-1.18.20.jar;C:\Users\hp\.m2\repository\io\github\bonigarcia\webdrivermanager\3.7.1\webdrivermanager-3.7.1.jar;C:\Users\hp\.m2\repository\com\google\code\gson\gson\2.8.5\gson-2.8.5.jar;C:\Users\hp\.m2\repository\org\apache\commons\commons-lang3\3.8.1\commons-lang3-3.8.1.jar;C:\Users\hp\.m2\repository\org\rauschig\jarchivelib\1.0.0\jarchivelib-1.0.0.jar;C:\Users\hp\.m2\repository\org\apache\commons\commons-compress\1.18\commons-compress-1.18.jar;C:\Users\hp\.m2\repository\org\apache\poi\poi\3.11\poi-3.11.jar;C:\Users\hp\.m2\repository\org\apache\poi\poi-ooxml\3.11\poi-ooxml-3.11.jar;C:\Users\hp\.m2\repository\org\apache\poi\poi-ooxml-schemas\3.11\poi-ooxml-schemas-3.11.jar;C:\Users\hp\.m2\repository\org\apache\xmlbeans\xmlbeans\2.6.0\xmlbeans-2.6.0.jar;C:\Users\hp\.m2\repository\stax\stax-api\1.0.1\stax-api-1.0.1.jar;C:\Users\hp\.m2\repository\com\github\temyers\cucumber-jvm-parallel-plugin\5.0.0\cucumber-jvm-parallel-plugin-5.0.0.jar;C:\Users\hp\.m2\repository\org\apache\velocity\velocity\1.7\velocity-1.7.jar;C:\Users\hp\.m2\repository\commons-collections\commons-collections\3.2.1\commons-collections-3.2.1.jar;C:\Users\hp\.m2\repository\commons-lang\commons-lang\2.4\commons-lang-2.4.jar;C:\Users\hp\.m2\repository\io\rest-assured\rest-assured\4.3.0\rest-assured-4.3.0.jar;C:\Users\hp\.m2\repository\org\codehaus\groovy\groovy\3.0.2\groovy-3.0.2.jar;C:\Users\hp\.m2\repository\org\codehaus\groovy\groovy-xml\3.0.2\groovy-xml-3.0.2.jar;C:\Users\hp\.m2\repository\org\apache\httpcomponents\httpmime\4.5.3\httpmime-4.5.3.jar;C:\Users\hp\.m2\repository\org\hamcrest\hamcrest\2.1\hamcrest-2.1.jar;C:\Users\hp\.m2\repository\org\ccil\cowan\tagsoup\tagsoup\1.2.1\tagsoup-1.2.1.jar;C:\Users\hp\.m2\repository\io\rest-assured\json-path\4.3.0\json-path-4.3.0.jar;C:\Users\hp\.m2\repository\org\codehaus\groovy\groovy-json\3.0.2\groovy-json-3.0.2.jar;C:\Users\hp\.m2\repository\io\rest-assured\rest-assured-common\4.3.0\rest-assured-common-4.3.0.jar;C:\Users\hp\.m2\repository\io\rest-assured\xml-path\4.3.0\xml-path-4.3.0.jar;C:\Users\hp\.m2\repository\jakarta\xml\bind\jakarta.xml.bind-api\2.3.2\jakarta.xml.bind-api-2.3.2.jar;C:\Users\hp\.m2\repository\jakarta\activation\jakarta.activation-api\1.2.1\jakarta.activation-api-1.2.1.jar;C:\Users\hp\.m2\repository\com\sun\xml\bind\jaxb-osgi\2.3.0.1\jaxb-osgi-2.3.0.1.jar;C:\Users\hp\.m2\repository\org\apache\sling\org.apache.sling.javax.activation\0.1.0\org.apache.sling.javax.activation-0.1.0.jar;C:\Users\hp\.m2\repository\javax\activation\activation\1.1.1\activation-1.1.1.jar;C:\Users\hp\.m2\repository\com\vimalselvam\cucumber-extentsreport\3.1.1\cucumber-extentsreport-3.1.1.jar;C:\Users\hp\.m2\repository\com\aventstack\extentreports\4.1.3\extentreports-4.1.3.jar;C:\Users\hp\.m2\repository\org\freemarker\freemarker\2.3.29\freemarker-2.3.29.jar;C:\Users\hp\.m2\repository\org\mongodb\mongodb-driver\3.12.0\mongodb-driver-3.12.0.jar;C:\Users\hp\.m2\repository\org\mongodb\mongodb-driver-core\3.12.0\mongodb-driver-core-3.12.0.jar;C:\Users\hp\.m2\repository\org\mongodb\bson\3.12.0\bson-3.12.0.jar;C:\Users\hp\.m2\repository\com\aventstack\extentreports-cucumber4-adapter\1.0.10\extentreports-cucumber4-adapter-1.0.10.jar;C:\Users\hp\.m2\repository\com\fasterxml\jackson\core\jackson-core\2.11.0.rc1\jackson-core-2.11.0.rc1.jar;C:\Users\hp\.m2\repository\org\apache\commons\commons-collections4\4.4\commons-collections4-4.4.jar;C:\Users\hp\.m2\repository\de\openkeyword\autoit\0.0.15\autoit-0.0.15.jar;C:\Users\hp\.m2\repository\net\sf\jacob-project\jacob\1.14.3\jacob-1.14.3.jar;C:\Users\hp\.m2\repository\org\antlr\antlr4-runtime\4.5.2\antlr4-runtime-4.5.2.jar;C:\Users\hp\.m2\repository\org\antlr\ST4\4.0.8\ST4-4.0.8.jar;C:\Users\hp\.m2\repository\org\antlr\antlr-runtime\3.5.2\antlr-runtime-3.5.2.jar;C:\Users\hp\.m2\repository\org\seleniumhq\selenium\selenium-htmlunit-driver\2.52.0\selenium-htmlunit-driver-2.52.0.jar;C:\Users\hp\.m2\repository\net\sourceforge\htmlunit\htmlunit\2.18\htmlunit-2.18.jar;C:\Users\hp\.m2\repository\xalan\xalan\2.7.2\xalan-2.7.2.jar;C:\Users\hp\.m2\repository\xalan\serializer\2.7.2\serializer-2.7.2.jar;C:\Users\hp\.m2\repository\net\sourceforge\htmlunit\htmlunit-core-js\2.17\htmlunit-core-js-2.17.jar;C:\Users\hp\.m2\repository\xerces\xercesImpl\2.11.0\xercesImpl-2.11.0.jar;C:\Users\hp\.m2\repository\xml-apis\xml-apis\1.4.01\xml-apis-1.4.01.jar;C:\Users\hp\.m2\repository\net\sourceforge\nekohtml\nekohtml\1.9.22\nekohtml-1.9.22.jar;C:\Users\hp\.m2\repository\net\sourceforge\cssparser\cssparser\0.9.16\cssparser-0.9.16.jar;C:\Users\hp\.m2\repository\org\w3c\css\sac\1.3\sac-1.3.jar;C:\Users\hp\.m2\repository\org\eclipse\jetty\websocket\websocket-client\9.2.12.v20150709\websocket-client-9.2.12.v20150709.jar;C:\Users\hp\.m2\repository\org\eclipse\jetty\jetty-util\9.2.12.v20150709\jetty-util-9.2.12.v20150709.jar;C:\Users\hp\.m2\repository\org\eclipse\jetty\jetty-io\9.2.12.v20150709\jetty-io-9.2.12.v20150709.jar;C:\Users\hp\.m2\repository\org\eclipse\jetty\websocket\websocket-common\9.2.12.v20150709\websocket-common-9.2.12.v20150709.jar;C:\Users\hp\.m2\repository\org\eclipse\jetty\websocket\websocket-api\9.2.12.v20150709\websocket-api-9.2.12.v20150709.jar;C:\Users\hp\.m2\repository\com\sun\xml\bind\jaxb-core\2.2.11\jaxb-core-2.2.11.jar;C:\Users\hp\.m2\repository\javax\xml\bind\jaxb-api\2.2.11\jaxb-api-2.2.11.jar;C:\Users\hp\.m2\repository\com\sun\xml\bind\jaxb-impl\2.2.11\jaxb-impl-2.2.11.jar;C:\Users\hp\.m2\repository\com\sun\xml\bind\jaxb-jxc\2.2.11\jaxb-jxc-2.2.11.jar;C:\Users\hp\.m2\repository\com\sun\xml\bind\jaxb-xjc\2.2.11\jaxb-xjc-2.2.11.jar;C:\Users\hp\.m2\repository\org\apache\maven\surefire\surefire-testng-utils\2.22.0\surefire-testng-utils-2.22.0.jar;C:\Users\hp\.m2\repository\org\apache\maven\surefire\surefire-grouper\2.22.0\surefire-grouper-2.22.0.jar;"/>
    <property name="sun.cpu.endian" value="little"/>
    <property name="user.home" value="C:\Users\hp"/>
    <property name="user.language" value="en"/>
    <property name="java.specification.vendor" value="Oracle Corporation"/>
    <property name="java.version.date" value="2021-01-19"/>
    <property name="java.home" value="C:\Program Files\Java\jdk-11.0.10"/>
    <property name="file.separator" value="\"/>
    <property name="basedir" value="E:\Automation\Uptogether"/>
    <property name="java.vm.compressedOopsMode" value="Zero based"/>
    <property name="line.separator" value="&#10;"/>
    <property name="java.specification.name" value="Java Platform API Specification"/>
    <property name="java.vm.specification.vendor" value="Oracle Corporation"/>
    <property name="java.awt.graphicsenv" value="sun.awt.Win32GraphicsEnvironment"/>
    <property name="surefire.real.class.path" value="C:\Users\hp\AppData\Local\Temp\surefire16445888115571272766\surefirebooter8088275421618910862.jar"/>
    <property name="user.script" value=""/>
    <property name="sun.management.compiler" value="HotSpot 64-Bit Tiered Compilers"/>
    <property name="java.runtime.version" value="11.0.10+8-LTS-162"/>
    <property name="user.name" value="Pradeep Choudhary"/>
    <property name="path.separator" value=";"/>
    <property name="os.version" value="10.0"/>
    <property name="java.runtime.name" value="Java(TM) SE Runtime Environment"/>
    <property name="file.encoding" value="Cp1252"/>
    <property name="browser" value="chrome"/>
    <property name="java.vm.name" value="Java HotSpot(TM) 64-Bit Server VM"/>
    <property name="java.vendor.version" value="18.9"/>
    <property name="localRepository" value="C:\Users\hp\.m2\repository"/>
    <property name="cucumber.options" value="-t @AssertPayoutDetails_First"/>
    <property name="java.vendor.url.bug" value="https://bugreport.java.com/bugreport/"/>
    <property name="java.io.tmpdir" value="C:\Users\hp\AppData\Local\Temp\"/>
    <property name="java.version" value="11.0.10"/>
    <property name="user.dir" value="E:\Automation\Uptogether"/>
    <property name="os.arch" value="amd64"/>
    <property name="java.vm.specification.name" value="Java Virtual Machine Specification"/>
    <property name="java.awt.printerjob" value="sun.awt.windows.WPrinterJob"/>
    <property name="sun.os.patch.level" value=""/>
    <property name="java.library.path" value="C:\Program Files\Java\jdk-11.0.10\bin;C:\WINDOWS\Sun\Java\bin;C:\WINDOWS\system32;C:\WINDOWS;C:\Program Files\Python310\Scripts\;C:\Program Files\Python310\;C:\Program Files\Common Files\Oracle\Java\javapath;C:\WINDOWS\system32;C:\WINDOWS;C:\WINDOWS\System32\Wbem;C:\WINDOWS\System32\WindowsPowerShell\v1.0\;C:\WINDOWS\System32\OpenSSH\;C:\Program Files\Microsoft SQL Server\Client SDK\ODBC\170\Tools\Binn\;C:\Program Files (x86)\Microsoft SQL Server\150\Tools\Binn\;C:\Program Files\Microsoft SQL Server\150\Tools\Binn\;C:\Program Files\Microsoft SQL Server\150\DTS\Binn\;C:\Program Files (x86)\Microsoft SQL Server\150\DTS\Binn\;C:\Program Files\Azure Data Studio\bin;C:\ProgramData\chocolatey\bin;C:\ProgramData\chocolatey\lib\maven\apache-maven-3.8.2\bin;C:\Program Files\Git\cmd;C:\Users\hp\Scripts\;C:\Users\hp\;C:\Users\hp\AppData\Local\Microsoft\WindowsApps;C:\Program Files\Azure Data Studio\bin;;C:\Users\hp\AppData\Local\Programs\Microsoft VS Code\bin;C:\Users\hp\AppData\Local\Programs\Fiddler;."/>
    <property name="java.vendor" value="Oracle Corporation"/>
    <property name="java.vm.info" value="mixed mode"/>
    <property name="java.vm.version" value="11.0.10+8-LTS-162"/>
    <property name="sun.io.unicode.encoding" value="UnicodeLittle"/>
    <property name="java.class.version" value="55.0"/>
  </properties>
  <testcase name="runScenario" classname="com.eco.uitests.RunnerTest" time="169.076"/>
</testsuite>