<?xml version="1.0" encoding="UTF-8"?>
<!-- Generated by org.testng.reporters.JUnitReportReporter -->
<testsuite hostname="DESKTOP-6RQ6NCQ" failures="0" tests="1" name="com.eco.uitests.RunnerTest" time="169.070" errors="0" timestamp="2023-03-26T22:04:48 IST" skipped="0">
  <testcase classname="com.eco.uitests.RunnerTest" name="runScenario" time="169.070"/>
  <system-out/>
</testsuite> <!-- com.eco.uitests.RunnerTest -->
